build/app/outputs/mapping/release/mapping.txt
# compiler: R8
# compiler_version: 1.5.64
# min_api: 16
# pg_map_id: 012812d
com.example.hack_flutter.MainActivity -> com.example.hack_flutter.MainActivity:
    void configureFlutterEngine(io.flutter.embedding.engine.FlutterEngine) -> b
...
com.google.gson.TypeAdapter$1 -> b.a.f.t$a:
    com.google.gson.TypeAdapter this$0 -> a
    java.lang.Object read(com.google.gson.stream.JsonReader) -> a
    void write(com.google.gson.stream.JsonWriter,java.lang.Object) -> a
com.google.gson.TypeAdapterFactory -> b.a.f.u:
    com.google.gson.TypeAdapter create(com.google.gson.Gson,com.google.gson.reflect.TypeToken) -> a
com.google.gson.annotations.Expose -> b.a.f.v.a:
com.google.gson.annotations.JsonAdapter -> b.a.f.v.b:
com.google.gson.annotations.SerializedName -> b.a.f.v.c:
com.google.gson.annotations.Since -> b.a.f.v.d:
com.google.gson.annotations.Until -> b.a.f.v.e:
com.google.gson.internal.$Gson$Preconditions -> b.a.f.w.a:
    void checkArgument(boolean) -> a
    java.lang.Object checkNotNull(java.lang.Object) -> a
com.google.gson.internal.$Gson$Types -> b.a.f.w.b:
    java.lang.reflect.Type[] EMPTY_TYPE_ARRAY -> a
    java.lang.reflect.GenericArrayType arrayOf(java.lang.reflect.Type) -> a
    java.lang.Class declaringClassOf(java.lang.reflect.TypeVariable) -> a
    boolean equal(java.lang.Object,java.lang.Object) -> a
    boolean equals(java.lang.reflect.Type,java.lang.reflect.Type) -> a
    java.lang.reflect.Type getCollectionElementType(java.lang.reflect.Type,java.lang.Class) -> a
    java.lang.reflect.Type getGenericSupertype(java.lang.reflect.Type,java.lang.Class,java.lang.Class) -> a
    int hashCodeOrZero(java.lang.Object) -> a
    int indexOf(java.lang.Object[],java.lang.Object) -> a
    java.lang.reflect.ParameterizedType newParameterizedTypeWithOwner(java.lang.reflect.Type,java.lang.reflect.Type,java.lang.reflect.Type[]) -> a
    java.lang.reflect.Type resolve(java.lang.reflect.Type,java.lang.Class,java.lang.reflect.Type) -> a
    java.lang.reflect.Type resolve(java.lang.reflect.Type,java.lang.Class,java.lang.reflect.Type,java.util.Collection) -> a
    java.lang.reflect.Type resolveTypeVariable(java.lang.reflect.Type,java.lang.Class,java.lang.reflect.TypeVariable) -> a
    java.lang.reflect.Type canonicalize(java.lang.reflect.Type) -> b
    java.lang.reflect.Type[] getMapKeyAndValueTypes(java.lang.reflect.Type,java.lang.Class) -> b
    java.lang.reflect.Type getSupertype(java.lang.reflect.Type,java.lang.Class,java.lang.Class) -> b
com.google.gson.internal.$Gson$Types$GenericArrayTypeImpl -> b.a.f.w.b$a:
    java.lang.reflect.Type componentType -> a
com.google.gson.internal.$Gson$Types$ParameterizedTypeImpl -> b.a.f.w.b$b:
    java.lang.reflect.Type ownerType -> a
    java.lang.reflect.Type rawType -> b
    java.lang.reflect.Type[] typeArguments -> c
com.google.gson.internal.$Gson$Types$WildcardTypeImpl -> b.a.f.w.b$c:
    java.lang.reflect.Type upperBound -> a
    java.lang.reflect.Type lowerBound -> b
com.google.gson.internal.ConstructorConstructor -> b.a.f.w.c:
    java.util.Map instanceCreators -> a
    com.google.gson.internal.reflect.ReflectionAccessor accessor -> b
    com.google.gson.internal.ObjectConstructor get(com.google.gson.reflect.TypeToken) -> a
    com.google.gson.internal.ObjectConstructor newDefaultConstructor(java.lang.Class) -> a
    com.google.gson.internal.ObjectConstructor newDefaultImplementationConstructor(java.lang.reflect.Type,java.lang.Class) -> a
    com.google.gson.internal.ObjectConstructor newUnsafeAllocator(java.lang.reflect.Type,java.lang.Class) -> b
com.google.gson.internal.ConstructorConstructor$1 -> b.a.f.w.c$f:
    com.google.gson.InstanceCreator val$typeCreator -> a
    java.lang.reflect.Type val$type -> b
    java.lang.Object construct() -> a
com.google.gson.internal.ConstructorConstructor$10 -> b.a.f.w.c$a:
    java.lang.Object construct() -> a
com.google.gson.internal.ConstructorConstructor$11 -> b.a.f.w.c$b:
    java.lang.Object construct() -> a
com.google.gson.internal.ConstructorConstructor$12 -> b.a.f.w.c$c:
    java.lang.Object construct() -> a
com.google.gson.internal.ConstructorConstructor$13 -> b.a.f.w.c$d:
    java.lang.Object construct() -> a